{"contracts/ERC20_Asset_Pool.sol":{"l":{"24":3,"25":3,"34":3,"35":3,"36":1,"37":1,"46":8,"47":8,"48":6,"49":6,"59":5,"60":3,"61":3},"path":"/Users/nemitariajienka/Desktop/projects/MultisigControl/contracts/ERC20_Asset_Pool.sol","s":{"1":3,"2":3,"3":3,"4":3,"5":1,"6":1,"7":8,"8":8,"9":6,"10":6,"11":5,"12":3,"13":3},"b":{"1":[1,2],"2":[6,2],"3":[3,2],"4":[3,0]},"f":{"1":3,"2":3,"3":8,"4":5},"fnMap":{"1":{"name":"constructor","line":23,"loc":{"start":{"line":23,"column":4},"end":{"line":26,"column":4}}},"2":{"name":"set_multisig_control","line":33,"loc":{"start":{"line":33,"column":4},"end":{"line":38,"column":4}}},"3":{"name":"set_bridge_address","line":45,"loc":{"start":{"line":45,"column":4},"end":{"line":50,"column":4}}},"4":{"name":"withdraw","line":58,"loc":{"start":{"line":58,"column":4},"end":{"line":62,"column":4}}}},"statementMap":{"1":{"start":{"line":24,"column":8},"end":{"line":24,"column":50}},"2":{"start":{"line":25,"column":8},"end":{"line":25,"column":51}},"3":{"start":{"line":34,"column":8},"end":{"line":34,"column":85}},"4":{"start":{"line":35,"column":8},"end":{"line":35,"column":122}},"5":{"start":{"line":36,"column":8},"end":{"line":36,"column":45}},"6":{"start":{"line":37,"column":8},"end":{"line":37,"column":46}},"7":{"start":{"line":46,"column":8},"end":{"line":46,"column":83}},"8":{"start":{"line":47,"column":8},"end":{"line":47,"column":122}},"9":{"start":{"line":48,"column":8},"end":{"line":48,"column":41}},"10":{"start":{"line":49,"column":8},"end":{"line":49,"column":44}},"11":{"start":{"line":59,"column":8},"end":{"line":59,"column":86}},"12":{"start":{"line":60,"column":8},"end":{"line":60,"column":87}},"13":{"start":{"line":61,"column":8},"end":{"line":61,"column":19}}},"branchMap":{"1":{"line":35,"type":"if","locations":[{"start":{"line":35,"column":8},"end":{"line":35,"column":8}},{"start":{"line":35,"column":8},"end":{"line":35,"column":8}}]},"2":{"line":47,"type":"if","locations":[{"start":{"line":47,"column":8},"end":{"line":47,"column":8}},{"start":{"line":47,"column":8},"end":{"line":47,"column":8}}]},"3":{"line":59,"type":"if","locations":[{"start":{"line":59,"column":8},"end":{"line":59,"column":8}},{"start":{"line":59,"column":8},"end":{"line":59,"column":8}}]},"4":{"line":60,"type":"if","locations":[{"start":{"line":60,"column":8},"end":{"line":60,"column":8}},{"start":{"line":60,"column":8},"end":{"line":60,"column":8}}]}}},"contracts/ERC20_Bridge_Logic.sol":{"l":{"35":6,"36":6,"48":21,"49":13,"50":13,"51":11,"52":11,"53":11,"54":11,"64":2,"65":2,"66":2,"67":2,"68":2,"79":2,"80":2,"81":2,"82":2,"83":2,"94":1,"95":1,"96":1,"97":1,"98":1,"110":5,"111":5,"112":3,"113":3,"124":11,"126":9,"127":9,"128":9,"129":9,"137":25,"144":4,"151":2,"156":1,"162":3,"168":3},"path":"/Users/nemitariajienka/Desktop/projects/MultisigControl/contracts/ERC20_Bridge_Logic.sol","s":{"1":6,"2":6,"3":21,"4":13,"5":13,"6":11,"7":11,"8":11,"9":11,"10":2,"11":2,"12":2,"13":2,"14":2,"15":2,"16":2,"17":2,"18":2,"19":2,"20":1,"21":1,"22":1,"23":1,"24":1,"25":5,"26":5,"27":3,"28":3,"29":11,"30":9,"31":9,"32":9,"33":9,"34":25,"35":4,"36":2,"37":1,"38":3,"39":3},"b":{"1":[13,8],"2":[11,2],"3":[2,0],"4":[2,0],"5":[2,0],"6":[2,0],"7":[1,0],"8":[1,0],"9":[3,2],"10":[3,0],"11":[9,2],"12":[9,0],"13":[9,0],"14":[9,0]},"f":{"1":6,"2":21,"3":2,"4":2,"5":1,"6":5,"7":11,"8":25,"9":4,"10":2,"11":1,"12":3,"13":3},"fnMap":{"1":{"name":"constructor","line":34,"loc":{"start":{"line":34,"column":4},"end":{"line":37,"column":4}}},"2":{"name":"list_asset","line":47,"loc":{"start":{"line":47,"column":4},"end":{"line":55,"column":4}}},"3":{"name":"remove_asset","line":63,"loc":{"start":{"line":63,"column":4},"end":{"line":69,"column":4}}},"4":{"name":"set_deposit_minimum","line":78,"loc":{"start":{"line":78,"column":4},"end":{"line":84,"column":4}}},"5":{"name":"set_deposit_maximum","line":93,"loc":{"start":{"line":93,"column":4},"end":{"line":99,"column":4}}},"6":{"name":"withdraw_asset","line":109,"loc":{"start":{"line":109,"column":4},"end":{"line":114,"column":4}}},"7":{"name":"deposit_asset","line":123,"loc":{"start":{"line":123,"column":4},"end":{"line":130,"column":4}}},"8":{"name":"is_asset_listed","line":136,"loc":{"start":{"line":136,"column":4},"end":{"line":138,"column":4}}},"9":{"name":"get_deposit_minimum","line":143,"loc":{"start":{"line":143,"column":4},"end":{"line":145,"column":4}}},"10":{"name":"get_deposit_maximum","line":150,"loc":{"start":{"line":150,"column":4},"end":{"line":152,"column":4}}},"11":{"name":"get_multisig_control_address","line":155,"loc":{"start":{"line":155,"column":4},"end":{"line":157,"column":4}}},"12":{"name":"get_vega_asset_id","line":161,"loc":{"start":{"line":161,"column":4},"end":{"line":163,"column":4}}},"13":{"name":"get_asset_source","line":167,"loc":{"start":{"line":167,"column":4},"end":{"line":169,"column":4}}}},"statementMap":{"1":{"start":{"line":35,"column":8},"end":{"line":35,"column":50}},"2":{"start":{"line":36,"column":8},"end":{"line":36,"column":50}},"3":{"start":{"line":48,"column":8},"end":{"line":48,"column":68}},"4":{"start":{"line":49,"column":8},"end":{"line":49,"column":91}},"5":{"start":{"line":50,"column":8},"end":{"line":50,"column":122}},"6":{"start":{"line":51,"column":8},"end":{"line":51,"column":41}},"7":{"start":{"line":52,"column":8},"end":{"line":52,"column":61}},"8":{"start":{"line":53,"column":8},"end":{"line":53,"column":66}},"9":{"start":{"line":54,"column":8},"end":{"line":54,"column":61}},"10":{"start":{"line":64,"column":8},"end":{"line":64,"column":63}},"11":{"start":{"line":65,"column":8},"end":{"line":65,"column":78}},"12":{"start":{"line":66,"column":8},"end":{"line":66,"column":122}},"13":{"start":{"line":67,"column":8},"end":{"line":67,"column":42}},"14":{"start":{"line":68,"column":8},"end":{"line":68,"column":47}},"15":{"start":{"line":79,"column":8},"end":{"line":79,"column":63}},"16":{"start":{"line":80,"column":8},"end":{"line":80,"column":101}},"17":{"start":{"line":81,"column":8},"end":{"line":81,"column":122}},"18":{"start":{"line":82,"column":8},"end":{"line":82,"column":54}},"19":{"start":{"line":83,"column":8},"end":{"line":83,"column":75}},"20":{"start":{"line":94,"column":8},"end":{"line":94,"column":63}},"21":{"start":{"line":95,"column":8},"end":{"line":95,"column":101}},"22":{"start":{"line":96,"column":8},"end":{"line":96,"column":122}},"23":{"start":{"line":97,"column":8},"end":{"line":97,"column":54}},"24":{"start":{"line":98,"column":8},"end":{"line":98,"column":75}},"25":{"start":{"line":110,"column":8},"end":{"line":110,"column":97}},"26":{"start":{"line":111,"column":8},"end":{"line":111,"column":122}},"27":{"start":{"line":112,"column":8},"end":{"line":112,"column":147}},"28":{"start":{"line":113,"column":8},"end":{"line":113,"column":65}},"29":{"start":{"line":124,"column":8},"end":{"line":124,"column":63}},"30":{"start":{"line":126,"column":8},"end":{"line":126,"column":120}},"31":{"start":{"line":127,"column":8},"end":{"line":127,"column":81}},"32":{"start":{"line":128,"column":8},"end":{"line":128,"column":125}},"33":{"start":{"line":129,"column":8},"end":{"line":129,"column":79}},"34":{"start":{"line":137,"column":8},"end":{"line":137,"column":42}},"35":{"start":{"line":144,"column":8},"end":{"line":144,"column":45}},"36":{"start":{"line":151,"column":8},"end":{"line":151,"column":45}},"37":{"start":{"line":156,"column":8},"end":{"line":156,"column":39}},"38":{"start":{"line":162,"column":8},"end":{"line":162,"column":58}},"39":{"start":{"line":168,"column":8},"end":{"line":168,"column":54}}},"branchMap":{"1":{"line":48,"type":"if","locations":[{"start":{"line":48,"column":8},"end":{"line":48,"column":8}},{"start":{"line":48,"column":8},"end":{"line":48,"column":8}}]},"2":{"line":50,"type":"if","locations":[{"start":{"line":50,"column":8},"end":{"line":50,"column":8}},{"start":{"line":50,"column":8},"end":{"line":50,"column":8}}]},"3":{"line":64,"type":"if","locations":[{"start":{"line":64,"column":8},"end":{"line":64,"column":8}},{"start":{"line":64,"column":8},"end":{"line":64,"column":8}}]},"4":{"line":66,"type":"if","locations":[{"start":{"line":66,"column":8},"end":{"line":66,"column":8}},{"start":{"line":66,"column":8},"end":{"line":66,"column":8}}]},"5":{"line":79,"type":"if","locations":[{"start":{"line":79,"column":8},"end":{"line":79,"column":8}},{"start":{"line":79,"column":8},"end":{"line":79,"column":8}}]},"6":{"line":81,"type":"if","locations":[{"start":{"line":81,"column":8},"end":{"line":81,"column":8}},{"start":{"line":81,"column":8},"end":{"line":81,"column":8}}]},"7":{"line":94,"type":"if","locations":[{"start":{"line":94,"column":8},"end":{"line":94,"column":8}},{"start":{"line":94,"column":8},"end":{"line":94,"column":8}}]},"8":{"line":96,"type":"if","locations":[{"start":{"line":96,"column":8},"end":{"line":96,"column":8}},{"start":{"line":96,"column":8},"end":{"line":96,"column":8}}]},"9":{"line":111,"type":"if","locations":[{"start":{"line":111,"column":8},"end":{"line":111,"column":8}},{"start":{"line":111,"column":8},"end":{"line":111,"column":8}}]},"10":{"line":112,"type":"if","locations":[{"start":{"line":112,"column":8},"end":{"line":112,"column":8}},{"start":{"line":112,"column":8},"end":{"line":112,"column":8}}]},"11":{"line":124,"type":"if","locations":[{"start":{"line":124,"column":8},"end":{"line":124,"column":8}},{"start":{"line":124,"column":8},"end":{"line":124,"column":8}}]},"12":{"line":126,"type":"if","locations":[{"start":{"line":126,"column":8},"end":{"line":126,"column":8}},{"start":{"line":126,"column":8},"end":{"line":126,"column":8}}]},"13":{"line":127,"type":"if","locations":[{"start":{"line":127,"column":8},"end":{"line":127,"column":8}},{"start":{"line":127,"column":8},"end":{"line":127,"column":8}}]},"14":{"line":128,"type":"if","locations":[{"start":{"line":128,"column":8},"end":{"line":128,"column":8}},{"start":{"line":128,"column":8},"end":{"line":128,"column":8}}]}}},"contracts/ETH_Asset_Pool.sol":{"l":{"24":3,"25":3,"34":1,"35":1,"36":1,"37":1,"46":6,"47":6,"48":4,"49":4,"58":4,"59":2,"60":2,"75":2},"path":"/Users/nemitariajienka/Desktop/projects/MultisigControl/contracts/ETH_Asset_Pool.sol","s":{"1":3,"2":3,"3":1,"4":1,"5":1,"6":1,"7":6,"8":6,"9":4,"10":4,"11":4,"12":2,"13":2},"b":{"1":[1,0],"2":[4,2],"3":[2,2]},"f":{"1":3,"2":1,"3":6,"4":4},"fnMap":{"1":{"name":"constructor","line":23,"loc":{"start":{"line":23,"column":4},"end":{"line":26,"column":4}}},"2":{"name":"set_multisig_control","line":33,"loc":{"start":{"line":33,"column":4},"end":{"line":38,"column":4}}},"3":{"name":"set_bridge_address","line":45,"loc":{"start":{"line":45,"column":4},"end":{"line":50,"column":4}}},"4":{"name":"withdraw","line":57,"loc":{"start":{"line":57,"column":4},"end":{"line":61,"column":4}}}},"statementMap":{"1":{"start":{"line":24,"column":8},"end":{"line":24,"column":50}},"2":{"start":{"line":25,"column":8},"end":{"line":25,"column":51}},"3":{"start":{"line":34,"column":8},"end":{"line":34,"column":85}},"4":{"start":{"line":35,"column":8},"end":{"line":35,"column":122}},"5":{"start":{"line":36,"column":8},"end":{"line":36,"column":45}},"6":{"start":{"line":37,"column":8},"end":{"line":37,"column":46}},"7":{"start":{"line":46,"column":8},"end":{"line":46,"column":83}},"8":{"start":{"line":47,"column":8},"end":{"line":47,"column":122}},"9":{"start":{"line":48,"column":8},"end":{"line":48,"column":39}},"10":{"start":{"line":49,"column":8},"end":{"line":49,"column":44}},"11":{"start":{"line":58,"column":8},"end":{"line":58,"column":84}},"12":{"start":{"line":59,"column":8},"end":{"line":59,"column":30}},"13":{"start":{"line":60,"column":8},"end":{"line":60,"column":19}}},"branchMap":{"1":{"line":35,"type":"if","locations":[{"start":{"line":35,"column":8},"end":{"line":35,"column":8}},{"start":{"line":35,"column":8},"end":{"line":35,"column":8}}]},"2":{"line":47,"type":"if","locations":[{"start":{"line":47,"column":8},"end":{"line":47,"column":8}},{"start":{"line":47,"column":8},"end":{"line":47,"column":8}}]},"3":{"line":58,"type":"if","locations":[{"start":{"line":58,"column":8},"end":{"line":58,"column":8}},{"start":{"line":58,"column":8},"end":{"line":58,"column":8}}]}}},"contracts/ETH_Bridge_Logic.sol":{"l":{"27":3,"28":3,"38":0,"39":0,"40":0,"41":0,"51":0,"52":0,"53":0,"54":0,"66":2,"67":2,"68":2,"69":2,"70":2,"77":2,"78":2,"79":2,"80":2,"87":0,"93":0,"98":0,"103":0},"path":"/Users/nemitariajienka/Desktop/projects/MultisigControl/contracts/ETH_Bridge_Logic.sol","s":{"1":3,"2":3,"3":0,"4":0,"5":0,"6":0,"7":0,"8":0,"9":0,"10":0,"11":2,"12":2,"13":2,"14":2,"15":2,"16":2,"17":2,"18":2,"19":2,"20":0,"21":0,"22":0,"23":0},"b":{"1":[0,0],"2":[0,0],"3":[2,0],"4":[2,0],"5":[2,0],"6":[2,0],"7":[2,0]},"f":{"1":3,"2":0,"3":0,"4":2,"5":2,"6":0,"7":0,"8":0,"9":0},"fnMap":{"1":{"name":"constructor","line":26,"loc":{"start":{"line":26,"column":4},"end":{"line":29,"column":4}}},"2":{"name":"set_deposit_minimum","line":37,"loc":{"start":{"line":37,"column":4},"end":{"line":42,"column":4}}},"3":{"name":"set_deposit_maximum","line":50,"loc":{"start":{"line":50,"column":4},"end":{"line":55,"column":4}}},"4":{"name":"withdraw_asset","line":65,"loc":{"start":{"line":65,"column":4},"end":{"line":71,"column":4}}},"5":{"name":"deposit_asset","line":76,"loc":{"start":{"line":76,"column":4},"end":{"line":81,"column":4}}},"6":{"name":"get_deposit_minimum","line":86,"loc":{"start":{"line":86,"column":4},"end":{"line":88,"column":4}}},"7":{"name":"get_deposit_maximum","line":92,"loc":{"start":{"line":92,"column":4},"end":{"line":94,"column":4}}},"8":{"name":"get_multisig_control_address","line":97,"loc":{"start":{"line":97,"column":4},"end":{"line":99,"column":4}}},"9":{"name":"get_vega_asset_id","line":102,"loc":{"start":{"line":102,"column":4},"end":{"line":104,"column":4}}}},"statementMap":{"1":{"start":{"line":27,"column":8},"end":{"line":27,"column":46}},"2":{"start":{"line":28,"column":8},"end":{"line":28,"column":50}},"3":{"start":{"line":38,"column":8},"end":{"line":38,"column":87}},"4":{"start":{"line":39,"column":8},"end":{"line":39,"column":121}},"5":{"start":{"line":40,"column":8},"end":{"line":40,"column":39}},"6":{"start":{"line":41,"column":8},"end":{"line":41,"column":59}},"7":{"start":{"line":51,"column":8},"end":{"line":51,"column":87}},"8":{"start":{"line":52,"column":8},"end":{"line":52,"column":121}},"9":{"start":{"line":53,"column":8},"end":{"line":53,"column":39}},"10":{"start":{"line":54,"column":8},"end":{"line":54,"column":59}},"11":{"start":{"line":66,"column":8},"end":{"line":66,"column":66}},"12":{"start":{"line":67,"column":8},"end":{"line":67,"column":91}},"13":{"start":{"line":68,"column":8},"end":{"line":68,"column":121}},"14":{"start":{"line":69,"column":8},"end":{"line":69,"column":129}},"15":{"start":{"line":70,"column":8},"end":{"line":70,"column":49}},"16":{"start":{"line":77,"column":8},"end":{"line":77,"column":93}},"17":{"start":{"line":78,"column":8},"end":{"line":78,"column":69}},"18":{"start":{"line":79,"column":8},"end":{"line":79,"column":49}},"19":{"start":{"line":80,"column":8},"end":{"line":80,"column":66}},"20":{"start":{"line":87,"column":8},"end":{"line":87,"column":30}},"21":{"start":{"line":93,"column":8},"end":{"line":93,"column":30}},"22":{"start":{"line":98,"column":8},"end":{"line":98,"column":39}},"23":{"start":{"line":103,"column":8},"end":{"line":103,"column":28}}},"branchMap":{"1":{"line":39,"type":"if","locations":[{"start":{"line":39,"column":8},"end":{"line":39,"column":8}},{"start":{"line":39,"column":8},"end":{"line":39,"column":8}}]},"2":{"line":52,"type":"if","locations":[{"start":{"line":52,"column":8},"end":{"line":52,"column":8}},{"start":{"line":52,"column":8},"end":{"line":52,"column":8}}]},"3":{"line":66,"type":"if","locations":[{"start":{"line":66,"column":8},"end":{"line":66,"column":8}},{"start":{"line":66,"column":8},"end":{"line":66,"column":8}}]},"4":{"line":68,"type":"if","locations":[{"start":{"line":68,"column":8},"end":{"line":68,"column":8}},{"start":{"line":68,"column":8},"end":{"line":68,"column":8}}]},"5":{"line":69,"type":"if","locations":[{"start":{"line":69,"column":8},"end":{"line":69,"column":8}},{"start":{"line":69,"column":8},"end":{"line":69,"column":8}}]},"6":{"line":77,"type":"if","locations":[{"start":{"line":77,"column":8},"end":{"line":77,"column":8}},{"start":{"line":77,"column":8},"end":{"line":77,"column":8}}]},"7":{"line":78,"type":"if","locations":[{"start":{"line":78,"column":8},"end":{"line":78,"column":8}},{"start":{"line":78,"column":8},"end":{"line":78,"column":8}}]}}},"contracts/IERC20_Bridge_Logic.sol":{"l":{},"path":"/Users/nemitariajienka/Desktop/projects/MultisigControl/contracts/IERC20_Bridge_Logic.sol","s":{},"b":{},"f":{},"fnMap":{},"statementMap":{},"branchMap":{}},"contracts/IERC20.sol":{"l":{},"path":"/Users/nemitariajienka/Desktop/projects/MultisigControl/contracts/IERC20.sol","s":{},"b":{},"f":{},"fnMap":{},"statementMap":{},"branchMap":{}},"contracts/IETH_Bridge_Logic.sol":{"l":{},"path":"/Users/nemitariajienka/Desktop/projects/MultisigControl/contracts/IETH_Bridge_Logic.sol","s":{},"b":{},"f":{},"fnMap":{},"statementMap":{},"branchMap":{}},"contracts/IMultisigControl.sol":{"l":{},"path":"/Users/nemitariajienka/Desktop/projects/MultisigControl/contracts/IMultisigControl.sol","s":{},"b":{},"f":{},"fnMap":{},"statementMap":{},"branchMap":{}},"contracts/MultisigControl.sol":{"l":{"12":3,"13":3,"14":3,"15":3,"38":5,"39":5,"40":5,"41":3,"42":3,"52":10,"53":10,"54":8,"55":6,"56":6,"57":6,"67":3,"68":3,"69":3,"70":3,"71":3,"72":3,"84":66,"85":66,"86":65,"88":65,"90":65,"92":62,"93":62,"94":62,"96":62,"113":62,"114":62,"116":62,"118":62,"119":57,"120":57,"123":65,"124":65,"129":16,"134":7,"140":23,"146":0},"path":"/Users/nemitariajienka/Desktop/projects/MultisigControl/contracts/MultisigControl.sol","s":{"1":3,"2":3,"3":3,"4":5,"5":5,"6":5,"7":3,"8":3,"9":10,"10":10,"11":8,"12":6,"13":6,"14":3,"15":3,"16":3,"17":3,"18":3,"19":66,"20":66,"21":65,"22":65,"23":65,"24":62,"25":62,"26":62,"27":62,"28":62,"29":0,"30":62,"31":62,"32":57,"33":65,"34":65,"35":16,"36":7,"37":23,"38":0},"b":{"1":[5,0],"2":[3,2],"3":[8,2],"4":[6,2],"5":[3,0],"6":[3,0],"7":[66,0],"8":[65,1],"9":[62,0],"10":[0,62],"11":[57,5]},"f":{"1":3,"2":5,"3":10,"4":3,"5":66,"6":16,"7":7,"8":23,"9":0},"fnMap":{"1":{"name":"constructor","line":10,"loc":{"start":{"line":10,"column":4},"end":{"line":16,"column":4}}},"2":{"name":"set_threshold","line":37,"loc":{"start":{"line":37,"column":4},"end":{"line":43,"column":4}}},"3":{"name":"add_signer","line":51,"loc":{"start":{"line":51,"column":4},"end":{"line":58,"column":4}}},"4":{"name":"remove_signer","line":66,"loc":{"start":{"line":66,"column":4},"end":{"line":73,"column":4}}},"5":{"name":"verify_signatures","line":83,"loc":{"start":{"line":83,"column":4},"end":{"line":125,"column":4}}},"6":{"name":"get_valid_signer_count","line":128,"loc":{"start":{"line":128,"column":4},"end":{"line":130,"column":4}}},"7":{"name":"get_current_threshold","line":133,"loc":{"start":{"line":133,"column":4},"end":{"line":135,"column":4}}},"8":{"name":"is_valid_signer","line":139,"loc":{"start":{"line":139,"column":4},"end":{"line":141,"column":4}}},"9":{"name":"is_nonce_used","line":145,"loc":{"start":{"line":145,"column":4},"end":{"line":147,"column":4}}}},"statementMap":{"1":{"start":{"line":12,"column":8},"end":{"line":12,"column":22}},"2":{"start":{"line":13,"column":8},"end":{"line":13,"column":33}},"3":{"start":{"line":15,"column":8},"end":{"line":15,"column":39}},"4":{"start":{"line":38,"column":8},"end":{"line":38,"column":89}},"5":{"start":{"line":39,"column":8},"end":{"line":39,"column":80}},"6":{"start":{"line":40,"column":8},"end":{"line":40,"column":79}},"7":{"start":{"line":41,"column":8},"end":{"line":41,"column":32}},"8":{"start":{"line":42,"column":8},"end":{"line":42,"column":47}},"9":{"start":{"line":52,"column":8},"end":{"line":52,"column":74}},"10":{"start":{"line":53,"column":8},"end":{"line":53,"column":61}},"11":{"start":{"line":54,"column":8},"end":{"line":54,"column":79}},"12":{"start":{"line":55,"column":8},"end":{"line":55,"column":33}},"13":{"start":{"line":57,"column":8},"end":{"line":57,"column":43}},"14":{"start":{"line":67,"column":8},"end":{"line":67,"column":77}},"15":{"start":{"line":68,"column":8},"end":{"line":68,"column":59}},"16":{"start":{"line":69,"column":8},"end":{"line":69,"column":79}},"17":{"start":{"line":70,"column":8},"end":{"line":70,"column":34}},"18":{"start":{"line":72,"column":8},"end":{"line":72,"column":45}},"19":{"start":{"line":84,"column":8},"end":{"line":84,"column":61}},"20":{"start":{"line":85,"column":8},"end":{"line":85,"column":57}},"21":{"start":{"line":86,"column":8},"end":{"line":86,"column":27}},"22":{"start":{"line":88,"column":8},"end":{"line":88,"column":73}},"23":{"start":{"line":90,"column":8},"end":{"line":90,"column":4933}},"24":{"start":{"line":92,"column":12},"end":{"line":92,"column":21}},"25":{"start":{"line":93,"column":12},"end":{"line":93,"column":21}},"26":{"start":{"line":94,"column":12},"end":{"line":94,"column":19}},"27":{"start":{"line":113,"column":12},"end":{"line":113,"column":128}},"28":{"start":{"line":114,"column":12},"end":{"line":114,"column":31}},"29":{"start":{"line":114,"column":24},"end":{"line":114,"column":30}},"30":{"start":{"line":116,"column":12},"end":{"line":116,"column":72}},"31":{"start":{"line":118,"column":12},"end":{"line":118,"column":6652}},"32":{"start":{"line":119,"column":16},"end":{"line":119,"column":65}},"33":{"start":{"line":123,"column":8},"end":{"line":123,"column":32}},"34":{"start":{"line":124,"column":8},"end":{"line":124,"column":82}},"35":{"start":{"line":129,"column":8},"end":{"line":129,"column":27}},"36":{"start":{"line":134,"column":8},"end":{"line":134,"column":24}},"37":{"start":{"line":140,"column":8},"end":{"line":140,"column":38}},"38":{"start":{"line":146,"column":8},"end":{"line":146,"column":33}}},"branchMap":{"1":{"line":38,"type":"if","locations":[{"start":{"line":38,"column":8},"end":{"line":38,"column":8}},{"start":{"line":38,"column":8},"end":{"line":38,"column":8}}]},"2":{"line":40,"type":"if","locations":[{"start":{"line":40,"column":8},"end":{"line":40,"column":8}},{"start":{"line":40,"column":8},"end":{"line":40,"column":8}}]},"3":{"line":53,"type":"if","locations":[{"start":{"line":53,"column":8},"end":{"line":53,"column":8}},{"start":{"line":53,"column":8},"end":{"line":53,"column":8}}]},"4":{"line":54,"type":"if","locations":[{"start":{"line":54,"column":8},"end":{"line":54,"column":8}},{"start":{"line":54,"column":8},"end":{"line":54,"column":8}}]},"5":{"line":68,"type":"if","locations":[{"start":{"line":68,"column":8},"end":{"line":68,"column":8}},{"start":{"line":68,"column":8},"end":{"line":68,"column":8}}]},"6":{"line":69,"type":"if","locations":[{"start":{"line":69,"column":8},"end":{"line":69,"column":8}},{"start":{"line":69,"column":8},"end":{"line":69,"column":8}}]},"7":{"line":84,"type":"if","locations":[{"start":{"line":84,"column":8},"end":{"line":84,"column":8}},{"start":{"line":84,"column":8},"end":{"line":84,"column":8}}]},"8":{"line":85,"type":"if","locations":[{"start":{"line":85,"column":8},"end":{"line":85,"column":8}},{"start":{"line":85,"column":8},"end":{"line":85,"column":8}}]},"9":{"line":113,"type":"if","locations":[{"start":{"line":113,"column":12},"end":{"line":113,"column":12}},{"start":{"line":113,"column":12},"end":{"line":113,"column":12}}]},"10":{"line":114,"type":"if","locations":[{"start":{"line":114,"column":12},"end":{"line":114,"column":12}},{"start":{"line":114,"column":12},"end":{"line":114,"column":12}}]},"11":{"line":118,"type":"if","locations":[{"start":{"line":118,"column":12},"end":{"line":118,"column":12}},{"start":{"line":118,"column":12},"end":{"line":118,"column":12}}]}}}}