{"contracts/ERC20_Asset_Pool.sol":{"l":{"24":3,"25":3,"34":0,"35":0,"36":0,"37":0,"46":0,"47":0,"48":0,"49":0,"59":0,"60":0,"61":0},"path":"/Users/nemitariajienka/Desktop/projects/MultisigControl/contracts/ERC20_Asset_Pool.sol","s":{"1":3,"2":3,"3":0,"4":0,"5":0,"6":0,"7":0,"8":0,"9":0,"10":0,"11":0,"12":0,"13":0},"b":{"1":[0,0],"2":[0,0],"3":[0,0],"4":[0,0]},"f":{"1":3,"2":0,"3":0,"4":0},"fnMap":{"1":{"name":"constructor","line":23,"loc":{"start":{"line":23,"column":4},"end":{"line":26,"column":4}}},"2":{"name":"set_multisig_control","line":33,"loc":{"start":{"line":33,"column":4},"end":{"line":38,"column":4}}},"3":{"name":"set_bridge_address","line":45,"loc":{"start":{"line":45,"column":4},"end":{"line":50,"column":4}}},"4":{"name":"withdraw","line":58,"loc":{"start":{"line":58,"column":4},"end":{"line":62,"column":4}}}},"statementMap":{"1":{"start":{"line":24,"column":8},"end":{"line":24,"column":50}},"2":{"start":{"line":25,"column":8},"end":{"line":25,"column":51}},"3":{"start":{"line":34,"column":8},"end":{"line":34,"column":85}},"4":{"start":{"line":35,"column":8},"end":{"line":35,"column":122}},"5":{"start":{"line":36,"column":8},"end":{"line":36,"column":45}},"6":{"start":{"line":37,"column":8},"end":{"line":37,"column":46}},"7":{"start":{"line":46,"column":8},"end":{"line":46,"column":83}},"8":{"start":{"line":47,"column":8},"end":{"line":47,"column":122}},"9":{"start":{"line":48,"column":8},"end":{"line":48,"column":41}},"10":{"start":{"line":49,"column":8},"end":{"line":49,"column":44}},"11":{"start":{"line":59,"column":8},"end":{"line":59,"column":86}},"12":{"start":{"line":60,"column":8},"end":{"line":60,"column":87}},"13":{"start":{"line":61,"column":8},"end":{"line":61,"column":19}}},"branchMap":{"1":{"line":35,"type":"if","locations":[{"start":{"line":35,"column":8},"end":{"line":35,"column":8}},{"start":{"line":35,"column":8},"end":{"line":35,"column":8}}]},"2":{"line":47,"type":"if","locations":[{"start":{"line":47,"column":8},"end":{"line":47,"column":8}},{"start":{"line":47,"column":8},"end":{"line":47,"column":8}}]},"3":{"line":59,"type":"if","locations":[{"start":{"line":59,"column":8},"end":{"line":59,"column":8}},{"start":{"line":59,"column":8},"end":{"line":59,"column":8}}]},"4":{"line":60,"type":"if","locations":[{"start":{"line":60,"column":8},"end":{"line":60,"column":8}},{"start":{"line":60,"column":8},"end":{"line":60,"column":8}}]}}},"contracts/ERC20_Bridge_Logic.sol":{"l":{"35":6,"36":6,"48":0,"49":0,"50":0,"51":0,"52":0,"53":0,"54":0,"64":0,"65":0,"66":0,"67":0,"68":0,"79":0,"80":0,"81":0,"82":0,"83":0,"94":0,"95":0,"96":0,"97":0,"98":0,"110":0,"111":0,"112":0,"113":0,"124":0,"126":0,"127":0,"128":0,"129":0,"137":17,"144":2,"151":1,"156":1,"162":2,"168":2},"path":"/Users/nemitariajienka/Desktop/projects/MultisigControl/contracts/ERC20_Bridge_Logic.sol","s":{"1":6,"2":6,"3":0,"4":0,"5":0,"6":0,"7":0,"8":0,"9":0,"10":0,"11":0,"12":0,"13":0,"14":0,"15":0,"16":0,"17":0,"18":0,"19":0,"20":0,"21":0,"22":0,"23":0,"24":0,"25":0,"26":0,"27":0,"28":0,"29":0,"30":0,"31":0,"32":0,"33":0,"34":17,"35":2,"36":1,"37":1,"38":2,"39":2},"b":{"1":[0,0],"2":[0,0],"3":[0,0],"4":[0,0],"5":[0,0],"6":[0,0],"7":[0,0],"8":[0,0],"9":[0,0],"10":[0,0],"11":[0,0],"12":[0,0],"13":[0,0],"14":[0,0]},"f":{"1":6,"2":0,"3":0,"4":0,"5":0,"6":0,"7":0,"8":17,"9":2,"10":1,"11":1,"12":2,"13":2},"fnMap":{"1":{"name":"constructor","line":34,"loc":{"start":{"line":34,"column":4},"end":{"line":37,"column":4}}},"2":{"name":"list_asset","line":47,"loc":{"start":{"line":47,"column":4},"end":{"line":55,"column":4}}},"3":{"name":"remove_asset","line":63,"loc":{"start":{"line":63,"column":4},"end":{"line":69,"column":4}}},"4":{"name":"set_deposit_minimum","line":78,"loc":{"start":{"line":78,"column":4},"end":{"line":84,"column":4}}},"5":{"name":"set_deposit_maximum","line":93,"loc":{"start":{"line":93,"column":4},"end":{"line":99,"column":4}}},"6":{"name":"withdraw_asset","line":109,"loc":{"start":{"line":109,"column":4},"end":{"line":114,"column":4}}},"7":{"name":"deposit_asset","line":123,"loc":{"start":{"line":123,"column":4},"end":{"line":130,"column":4}}},"8":{"name":"is_asset_listed","line":136,"loc":{"start":{"line":136,"column":4},"end":{"line":138,"column":4}}},"9":{"name":"get_deposit_minimum","line":143,"loc":{"start":{"line":143,"column":4},"end":{"line":145,"column":4}}},"10":{"name":"get_deposit_maximum","line":150,"loc":{"start":{"line":150,"column":4},"end":{"line":152,"column":4}}},"11":{"name":"get_multisig_control_address","line":155,"loc":{"start":{"line":155,"column":4},"end":{"line":157,"column":4}}},"12":{"name":"get_vega_asset_id","line":161,"loc":{"start":{"line":161,"column":4},"end":{"line":163,"column":4}}},"13":{"name":"get_asset_source","line":167,"loc":{"start":{"line":167,"column":4},"end":{"line":169,"column":4}}}},"statementMap":{"1":{"start":{"line":35,"column":8},"end":{"line":35,"column":50}},"2":{"start":{"line":36,"column":8},"end":{"line":36,"column":50}},"3":{"start":{"line":48,"column":8},"end":{"line":48,"column":68}},"4":{"start":{"line":49,"column":8},"end":{"line":49,"column":91}},"5":{"start":{"line":50,"column":8},"end":{"line":50,"column":122}},"6":{"start":{"line":51,"column":8},"end":{"line":51,"column":41}},"7":{"start":{"line":52,"column":8},"end":{"line":52,"column":61}},"8":{"start":{"line":53,"column":8},"end":{"line":53,"column":66}},"9":{"start":{"line":54,"column":8},"end":{"line":54,"column":61}},"10":{"start":{"line":64,"column":8},"end":{"line":64,"column":63}},"11":{"start":{"line":65,"column":8},"end":{"line":65,"column":78}},"12":{"start":{"line":66,"column":8},"end":{"line":66,"column":122}},"13":{"start":{"line":67,"column":8},"end":{"line":67,"column":42}},"14":{"start":{"line":68,"column":8},"end":{"line":68,"column":47}},"15":{"start":{"line":79,"column":8},"end":{"line":79,"column":63}},"16":{"start":{"line":80,"column":8},"end":{"line":80,"column":101}},"17":{"start":{"line":81,"column":8},"end":{"line":81,"column":122}},"18":{"start":{"line":82,"column":8},"end":{"line":82,"column":54}},"19":{"start":{"line":83,"column":8},"end":{"line":83,"column":75}},"20":{"start":{"line":94,"column":8},"end":{"line":94,"column":63}},"21":{"start":{"line":95,"column":8},"end":{"line":95,"column":101}},"22":{"start":{"line":96,"column":8},"end":{"line":96,"column":122}},"23":{"start":{"line":97,"column":8},"end":{"line":97,"column":54}},"24":{"start":{"line":98,"column":8},"end":{"line":98,"column":75}},"25":{"start":{"line":110,"column":8},"end":{"line":110,"column":97}},"26":{"start":{"line":111,"column":8},"end":{"line":111,"column":122}},"27":{"start":{"line":112,"column":8},"end":{"line":112,"column":147}},"28":{"start":{"line":113,"column":8},"end":{"line":113,"column":65}},"29":{"start":{"line":124,"column":8},"end":{"line":124,"column":63}},"30":{"start":{"line":126,"column":8},"end":{"line":126,"column":120}},"31":{"start":{"line":127,"column":8},"end":{"line":127,"column":81}},"32":{"start":{"line":128,"column":8},"end":{"line":128,"column":125}},"33":{"start":{"line":129,"column":8},"end":{"line":129,"column":79}},"34":{"start":{"line":137,"column":8},"end":{"line":137,"column":42}},"35":{"start":{"line":144,"column":8},"end":{"line":144,"column":45}},"36":{"start":{"line":151,"column":8},"end":{"line":151,"column":45}},"37":{"start":{"line":156,"column":8},"end":{"line":156,"column":39}},"38":{"start":{"line":162,"column":8},"end":{"line":162,"column":58}},"39":{"start":{"line":168,"column":8},"end":{"line":168,"column":54}}},"branchMap":{"1":{"line":48,"type":"if","locations":[{"start":{"line":48,"column":8},"end":{"line":48,"column":8}},{"start":{"line":48,"column":8},"end":{"line":48,"column":8}}]},"2":{"line":50,"type":"if","locations":[{"start":{"line":50,"column":8},"end":{"line":50,"column":8}},{"start":{"line":50,"column":8},"end":{"line":50,"column":8}}]},"3":{"line":64,"type":"if","locations":[{"start":{"line":64,"column":8},"end":{"line":64,"column":8}},{"start":{"line":64,"column":8},"end":{"line":64,"column":8}}]},"4":{"line":66,"type":"if","locations":[{"start":{"line":66,"column":8},"end":{"line":66,"column":8}},{"start":{"line":66,"column":8},"end":{"line":66,"column":8}}]},"5":{"line":79,"type":"if","locations":[{"start":{"line":79,"column":8},"end":{"line":79,"column":8}},{"start":{"line":79,"column":8},"end":{"line":79,"column":8}}]},"6":{"line":81,"type":"if","locations":[{"start":{"line":81,"column":8},"end":{"line":81,"column":8}},{"start":{"line":81,"column":8},"end":{"line":81,"column":8}}]},"7":{"line":94,"type":"if","locations":[{"start":{"line":94,"column":8},"end":{"line":94,"column":8}},{"start":{"line":94,"column":8},"end":{"line":94,"column":8}}]},"8":{"line":96,"type":"if","locations":[{"start":{"line":96,"column":8},"end":{"line":96,"column":8}},{"start":{"line":96,"column":8},"end":{"line":96,"column":8}}]},"9":{"line":111,"type":"if","locations":[{"start":{"line":111,"column":8},"end":{"line":111,"column":8}},{"start":{"line":111,"column":8},"end":{"line":111,"column":8}}]},"10":{"line":112,"type":"if","locations":[{"start":{"line":112,"column":8},"end":{"line":112,"column":8}},{"start":{"line":112,"column":8},"end":{"line":112,"column":8}}]},"11":{"line":124,"type":"if","locations":[{"start":{"line":124,"column":8},"end":{"line":124,"column":8}},{"start":{"line":124,"column":8},"end":{"line":124,"column":8}}]},"12":{"line":126,"type":"if","locations":[{"start":{"line":126,"column":8},"end":{"line":126,"column":8}},{"start":{"line":126,"column":8},"end":{"line":126,"column":8}}]},"13":{"line":127,"type":"if","locations":[{"start":{"line":127,"column":8},"end":{"line":127,"column":8}},{"start":{"line":127,"column":8},"end":{"line":127,"column":8}}]},"14":{"line":128,"type":"if","locations":[{"start":{"line":128,"column":8},"end":{"line":128,"column":8}},{"start":{"line":128,"column":8},"end":{"line":128,"column":8}}]}}},"contracts/ETH_Asset_Pool.sol":{"l":{"23":3,"24":3,"33":0,"34":0,"35":0,"36":0,"45":0,"46":0,"47":0,"48":0,"57":0,"58":0,"59":0},"path":"/Users/nemitariajienka/Desktop/projects/MultisigControl/contracts/ETH_Asset_Pool.sol","s":{"1":3,"2":3,"3":0,"4":0,"5":0,"6":0,"7":0,"8":0,"9":0,"10":0,"11":0,"12":0,"13":0},"b":{"1":[0,0],"2":[0,0],"3":[0,0]},"f":{"1":3,"2":0,"3":0,"4":0},"fnMap":{"1":{"name":"constructor","line":22,"loc":{"start":{"line":22,"column":4},"end":{"line":25,"column":4}}},"2":{"name":"set_multisig_control","line":32,"loc":{"start":{"line":32,"column":4},"end":{"line":37,"column":4}}},"3":{"name":"set_bridge_address","line":44,"loc":{"start":{"line":44,"column":4},"end":{"line":49,"column":4}}},"4":{"name":"withdraw","line":56,"loc":{"start":{"line":56,"column":4},"end":{"line":60,"column":4}}}},"statementMap":{"1":{"start":{"line":23,"column":8},"end":{"line":23,"column":50}},"2":{"start":{"line":24,"column":8},"end":{"line":24,"column":51}},"3":{"start":{"line":33,"column":8},"end":{"line":33,"column":85}},"4":{"start":{"line":34,"column":8},"end":{"line":34,"column":122}},"5":{"start":{"line":35,"column":8},"end":{"line":35,"column":45}},"6":{"start":{"line":36,"column":8},"end":{"line":36,"column":46}},"7":{"start":{"line":45,"column":8},"end":{"line":45,"column":83}},"8":{"start":{"line":46,"column":8},"end":{"line":46,"column":122}},"9":{"start":{"line":47,"column":8},"end":{"line":47,"column":39}},"10":{"start":{"line":48,"column":8},"end":{"line":48,"column":44}},"11":{"start":{"line":57,"column":8},"end":{"line":57,"column":84}},"12":{"start":{"line":58,"column":8},"end":{"line":58,"column":30}},"13":{"start":{"line":59,"column":8},"end":{"line":59,"column":19}}},"branchMap":{"1":{"line":34,"type":"if","locations":[{"start":{"line":34,"column":8},"end":{"line":34,"column":8}},{"start":{"line":34,"column":8},"end":{"line":34,"column":8}}]},"2":{"line":46,"type":"if","locations":[{"start":{"line":46,"column":8},"end":{"line":46,"column":8}},{"start":{"line":46,"column":8},"end":{"line":46,"column":8}}]},"3":{"line":57,"type":"if","locations":[{"start":{"line":57,"column":8},"end":{"line":57,"column":8}},{"start":{"line":57,"column":8},"end":{"line":57,"column":8}}]}}},"contracts/ETH_Bridge_Logic.sol":{"l":{"27":3,"28":3,"38":0,"39":0,"40":0,"41":0,"51":0,"52":0,"53":0,"54":0,"66":0,"67":0,"68":0,"69":0,"70":0,"77":0,"78":0,"79":0,"80":0,"87":0,"93":0,"98":0,"103":0},"path":"/Users/nemitariajienka/Desktop/projects/MultisigControl/contracts/ETH_Bridge_Logic.sol","s":{"1":3,"2":3,"3":0,"4":0,"5":0,"6":0,"7":0,"8":0,"9":0,"10":0,"11":0,"12":0,"13":0,"14":0,"15":0,"16":0,"17":0,"18":0,"19":0,"20":0,"21":0,"22":0,"23":0},"b":{"1":[0,0],"2":[0,0],"3":[0,0],"4":[0,0],"5":[0,0],"6":[0,0],"7":[0,0]},"f":{"1":3,"2":0,"3":0,"4":0,"5":0,"6":0,"7":0,"8":0,"9":0},"fnMap":{"1":{"name":"constructor","line":26,"loc":{"start":{"line":26,"column":4},"end":{"line":29,"column":4}}},"2":{"name":"set_deposit_minimum","line":37,"loc":{"start":{"line":37,"column":4},"end":{"line":42,"column":4}}},"3":{"name":"set_deposit_maximum","line":50,"loc":{"start":{"line":50,"column":4},"end":{"line":55,"column":4}}},"4":{"name":"withdraw_asset","line":65,"loc":{"start":{"line":65,"column":4},"end":{"line":71,"column":4}}},"5":{"name":"deposit_asset","line":76,"loc":{"start":{"line":76,"column":4},"end":{"line":81,"column":4}}},"6":{"name":"get_deposit_minimum","line":86,"loc":{"start":{"line":86,"column":4},"end":{"line":88,"column":4}}},"7":{"name":"get_deposit_maximum","line":92,"loc":{"start":{"line":92,"column":4},"end":{"line":94,"column":4}}},"8":{"name":"get_multisig_control_address","line":97,"loc":{"start":{"line":97,"column":4},"end":{"line":99,"column":4}}},"9":{"name":"get_vega_asset_id","line":102,"loc":{"start":{"line":102,"column":4},"end":{"line":104,"column":4}}}},"statementMap":{"1":{"start":{"line":27,"column":8},"end":{"line":27,"column":46}},"2":{"start":{"line":28,"column":8},"end":{"line":28,"column":50}},"3":{"start":{"line":38,"column":8},"end":{"line":38,"column":87}},"4":{"start":{"line":39,"column":8},"end":{"line":39,"column":121}},"5":{"start":{"line":40,"column":8},"end":{"line":40,"column":39}},"6":{"start":{"line":41,"column":8},"end":{"line":41,"column":59}},"7":{"start":{"line":51,"column":8},"end":{"line":51,"column":87}},"8":{"start":{"line":52,"column":8},"end":{"line":52,"column":121}},"9":{"start":{"line":53,"column":8},"end":{"line":53,"column":39}},"10":{"start":{"line":54,"column":8},"end":{"line":54,"column":59}},"11":{"start":{"line":66,"column":8},"end":{"line":66,"column":66}},"12":{"start":{"line":67,"column":8},"end":{"line":67,"column":91}},"13":{"start":{"line":68,"column":8},"end":{"line":68,"column":121}},"14":{"start":{"line":69,"column":8},"end":{"line":69,"column":129}},"15":{"start":{"line":70,"column":8},"end":{"line":70,"column":49}},"16":{"start":{"line":77,"column":8},"end":{"line":77,"column":93}},"17":{"start":{"line":78,"column":8},"end":{"line":78,"column":69}},"18":{"start":{"line":79,"column":8},"end":{"line":79,"column":49}},"19":{"start":{"line":80,"column":8},"end":{"line":80,"column":66}},"20":{"start":{"line":87,"column":8},"end":{"line":87,"column":30}},"21":{"start":{"line":93,"column":8},"end":{"line":93,"column":30}},"22":{"start":{"line":98,"column":8},"end":{"line":98,"column":39}},"23":{"start":{"line":103,"column":8},"end":{"line":103,"column":28}}},"branchMap":{"1":{"line":39,"type":"if","locations":[{"start":{"line":39,"column":8},"end":{"line":39,"column":8}},{"start":{"line":39,"column":8},"end":{"line":39,"column":8}}]},"2":{"line":52,"type":"if","locations":[{"start":{"line":52,"column":8},"end":{"line":52,"column":8}},{"start":{"line":52,"column":8},"end":{"line":52,"column":8}}]},"3":{"line":66,"type":"if","locations":[{"start":{"line":66,"column":8},"end":{"line":66,"column":8}},{"start":{"line":66,"column":8},"end":{"line":66,"column":8}}]},"4":{"line":68,"type":"if","locations":[{"start":{"line":68,"column":8},"end":{"line":68,"column":8}},{"start":{"line":68,"column":8},"end":{"line":68,"column":8}}]},"5":{"line":69,"type":"if","locations":[{"start":{"line":69,"column":8},"end":{"line":69,"column":8}},{"start":{"line":69,"column":8},"end":{"line":69,"column":8}}]},"6":{"line":77,"type":"if","locations":[{"start":{"line":77,"column":8},"end":{"line":77,"column":8}},{"start":{"line":77,"column":8},"end":{"line":77,"column":8}}]},"7":{"line":78,"type":"if","locations":[{"start":{"line":78,"column":8},"end":{"line":78,"column":8}},{"start":{"line":78,"column":8},"end":{"line":78,"column":8}}]}}},"contracts/IERC20_Bridge_Logic.sol":{"l":{},"path":"/Users/nemitariajienka/Desktop/projects/MultisigControl/contracts/IERC20_Bridge_Logic.sol","s":{},"b":{},"f":{},"fnMap":{},"statementMap":{},"branchMap":{}},"contracts/IERC20.sol":{"l":{},"path":"/Users/nemitariajienka/Desktop/projects/MultisigControl/contracts/IERC20.sol","s":{},"b":{},"f":{},"fnMap":{},"statementMap":{},"branchMap":{}},"contracts/IETH_Bridge_Logic.sol":{"l":{},"path":"/Users/nemitariajienka/Desktop/projects/MultisigControl/contracts/IETH_Bridge_Logic.sol","s":{},"b":{},"f":{},"fnMap":{},"statementMap":{},"branchMap":{}},"contracts/IMultisigControl.sol":{"l":{},"path":"/Users/nemitariajienka/Desktop/projects/MultisigControl/contracts/IMultisigControl.sol","s":{},"b":{},"f":{},"fnMap":{},"statementMap":{},"branchMap":{}},"contracts/MultisigControl.sol":{"l":{"12":3,"13":3,"14":3,"15":3,"38":0,"39":0,"40":0,"41":0,"42":0,"52":0,"53":0,"54":0,"55":0,"56":0,"57":0,"67":0,"68":0,"69":0,"70":0,"71":0,"72":0,"84":0,"85":0,"86":0,"88":0,"90":0,"92":0,"93":0,"94":0,"96":0,"113":0,"114":0,"116":0,"118":0,"119":0,"120":0,"123":0,"124":0,"129":9,"134":1,"140":11,"146":0},"path":"/Users/nemitariajienka/Desktop/projects/MultisigControl/contracts/MultisigControl.sol","s":{"1":3,"2":3,"3":3,"4":0,"5":0,"6":0,"7":0,"8":0,"9":0,"10":0,"11":0,"12":0,"13":0,"14":0,"15":0,"16":0,"17":0,"18":0,"19":0,"20":0,"21":0,"22":0,"23":0,"24":0,"25":0,"26":0,"27":0,"28":0,"29":0,"30":0,"31":0,"32":0,"33":0,"34":0,"35":9,"36":1,"37":11,"38":0},"b":{"1":[0,0],"2":[0,0],"3":[0,0],"4":[0,0],"5":[0,0],"6":[0,0],"7":[0,0],"8":[0,0],"9":[0,0],"10":[0,0],"11":[0,0]},"f":{"1":3,"2":0,"3":0,"4":0,"5":0,"6":9,"7":1,"8":11,"9":0},"fnMap":{"1":{"name":"constructor","line":10,"loc":{"start":{"line":10,"column":4},"end":{"line":16,"column":4}}},"2":{"name":"set_threshold","line":37,"loc":{"start":{"line":37,"column":4},"end":{"line":43,"column":4}}},"3":{"name":"add_signer","line":51,"loc":{"start":{"line":51,"column":4},"end":{"line":58,"column":4}}},"4":{"name":"remove_signer","line":66,"loc":{"start":{"line":66,"column":4},"end":{"line":73,"column":4}}},"5":{"name":"verify_signatures","line":83,"loc":{"start":{"line":83,"column":4},"end":{"line":125,"column":4}}},"6":{"name":"get_valid_signer_count","line":128,"loc":{"start":{"line":128,"column":4},"end":{"line":130,"column":4}}},"7":{"name":"get_current_threshold","line":133,"loc":{"start":{"line":133,"column":4},"end":{"line":135,"column":4}}},"8":{"name":"is_valid_signer","line":139,"loc":{"start":{"line":139,"column":4},"end":{"line":141,"column":4}}},"9":{"name":"is_nonce_used","line":145,"loc":{"start":{"line":145,"column":4},"end":{"line":147,"column":4}}}},"statementMap":{"1":{"start":{"line":12,"column":8},"end":{"line":12,"column":22}},"2":{"start":{"line":13,"column":8},"end":{"line":13,"column":33}},"3":{"start":{"line":15,"column":8},"end":{"line":15,"column":39}},"4":{"start":{"line":38,"column":8},"end":{"line":38,"column":89}},"5":{"start":{"line":39,"column":8},"end":{"line":39,"column":80}},"6":{"start":{"line":40,"column":8},"end":{"line":40,"column":79}},"7":{"start":{"line":41,"column":8},"end":{"line":41,"column":32}},"8":{"start":{"line":42,"column":8},"end":{"line":42,"column":47}},"9":{"start":{"line":52,"column":8},"end":{"line":52,"column":74}},"10":{"start":{"line":53,"column":8},"end":{"line":53,"column":61}},"11":{"start":{"line":54,"column":8},"end":{"line":54,"column":79}},"12":{"start":{"line":55,"column":8},"end":{"line":55,"column":33}},"13":{"start":{"line":57,"column":8},"end":{"line":57,"column":43}},"14":{"start":{"line":67,"column":8},"end":{"line":67,"column":77}},"15":{"start":{"line":68,"column":8},"end":{"line":68,"column":59}},"16":{"start":{"line":69,"column":8},"end":{"line":69,"column":79}},"17":{"start":{"line":70,"column":8},"end":{"line":70,"column":34}},"18":{"start":{"line":72,"column":8},"end":{"line":72,"column":45}},"19":{"start":{"line":84,"column":8},"end":{"line":84,"column":61}},"20":{"start":{"line":85,"column":8},"end":{"line":85,"column":57}},"21":{"start":{"line":86,"column":8},"end":{"line":86,"column":27}},"22":{"start":{"line":88,"column":8},"end":{"line":88,"column":73}},"23":{"start":{"line":90,"column":8},"end":{"line":90,"column":4933}},"24":{"start":{"line":92,"column":12},"end":{"line":92,"column":21}},"25":{"start":{"line":93,"column":12},"end":{"line":93,"column":21}},"26":{"start":{"line":94,"column":12},"end":{"line":94,"column":19}},"27":{"start":{"line":113,"column":12},"end":{"line":113,"column":128}},"28":{"start":{"line":114,"column":12},"end":{"line":114,"column":31}},"29":{"start":{"line":114,"column":24},"end":{"line":114,"column":30}},"30":{"start":{"line":116,"column":12},"end":{"line":116,"column":72}},"31":{"start":{"line":118,"column":12},"end":{"line":118,"column":6652}},"32":{"start":{"line":119,"column":16},"end":{"line":119,"column":65}},"33":{"start":{"line":123,"column":8},"end":{"line":123,"column":32}},"34":{"start":{"line":124,"column":8},"end":{"line":124,"column":82}},"35":{"start":{"line":129,"column":8},"end":{"line":129,"column":27}},"36":{"start":{"line":134,"column":8},"end":{"line":134,"column":24}},"37":{"start":{"line":140,"column":8},"end":{"line":140,"column":38}},"38":{"start":{"line":146,"column":8},"end":{"line":146,"column":33}}},"branchMap":{"1":{"line":38,"type":"if","locations":[{"start":{"line":38,"column":8},"end":{"line":38,"column":8}},{"start":{"line":38,"column":8},"end":{"line":38,"column":8}}]},"2":{"line":40,"type":"if","locations":[{"start":{"line":40,"column":8},"end":{"line":40,"column":8}},{"start":{"line":40,"column":8},"end":{"line":40,"column":8}}]},"3":{"line":53,"type":"if","locations":[{"start":{"line":53,"column":8},"end":{"line":53,"column":8}},{"start":{"line":53,"column":8},"end":{"line":53,"column":8}}]},"4":{"line":54,"type":"if","locations":[{"start":{"line":54,"column":8},"end":{"line":54,"column":8}},{"start":{"line":54,"column":8},"end":{"line":54,"column":8}}]},"5":{"line":68,"type":"if","locations":[{"start":{"line":68,"column":8},"end":{"line":68,"column":8}},{"start":{"line":68,"column":8},"end":{"line":68,"column":8}}]},"6":{"line":69,"type":"if","locations":[{"start":{"line":69,"column":8},"end":{"line":69,"column":8}},{"start":{"line":69,"column":8},"end":{"line":69,"column":8}}]},"7":{"line":84,"type":"if","locations":[{"start":{"line":84,"column":8},"end":{"line":84,"column":8}},{"start":{"line":84,"column":8},"end":{"line":84,"column":8}}]},"8":{"line":85,"type":"if","locations":[{"start":{"line":85,"column":8},"end":{"line":85,"column":8}},{"start":{"line":85,"column":8},"end":{"line":85,"column":8}}]},"9":{"line":113,"type":"if","locations":[{"start":{"line":113,"column":12},"end":{"line":113,"column":12}},{"start":{"line":113,"column":12},"end":{"line":113,"column":12}}]},"10":{"line":114,"type":"if","locations":[{"start":{"line":114,"column":12},"end":{"line":114,"column":12}},{"start":{"line":114,"column":12},"end":{"line":114,"column":12}}]},"11":{"line":118,"type":"if","locations":[{"start":{"line":118,"column":12},"end":{"line":118,"column":12}},{"start":{"line":118,"column":12},"end":{"line":118,"column":12}}]}}},"contracts/SafeMath.sol":{"l":{"14":0,"15":0,"17":0,"18":0,"19":0,"29":0,"36":0,"37":0,"44":0,"45":0,"46":0},"path":"/Users/nemitariajienka/Desktop/projects/MultisigControl/contracts/SafeMath.sol","s":{"1":0,"2":0,"3":0,"4":0,"5":0,"6":0,"7":0,"8":0,"9":0,"10":0,"11":0},"b":{"1":[0,0]},"f":{"1":0,"2":0,"3":0,"4":0},"fnMap":{"1":{"name":"mul","line":13,"loc":{"start":{"line":13,"column":2},"end":{"line":20,"column":2}}},"2":{"name":"div","line":25,"loc":{"start":{"line":25,"column":2},"end":{"line":30,"column":2}}},"3":{"name":"sub","line":35,"loc":{"start":{"line":35,"column":2},"end":{"line":38,"column":2}}},"4":{"name":"add","line":43,"loc":{"start":{"line":43,"column":2},"end":{"line":47,"column":2}}}},"statementMap":{"1":{"start":{"line":14,"column":4},"end":{"line":14,"column":309}},"2":{"start":{"line":15,"column":6},"end":{"line":15,"column":14}},"3":{"start":{"line":17,"column":4},"end":{"line":17,"column":21}},"4":{"start":{"line":18,"column":4},"end":{"line":18,"column":21}},"5":{"start":{"line":19,"column":4},"end":{"line":19,"column":12}},"6":{"start":{"line":29,"column":4},"end":{"line":29,"column":16}},"7":{"start":{"line":36,"column":4},"end":{"line":36,"column":17}},"8":{"start":{"line":37,"column":4},"end":{"line":37,"column":16}},"9":{"start":{"line":44,"column":4},"end":{"line":44,"column":21}},"10":{"start":{"line":45,"column":4},"end":{"line":45,"column":17}},"11":{"start":{"line":46,"column":4},"end":{"line":46,"column":12}}},"branchMap":{"1":{"line":14,"type":"if","locations":[{"start":{"line":14,"column":4},"end":{"line":14,"column":4}},{"start":{"line":14,"column":4},"end":{"line":14,"column":4}}]}}},"contracts/tests/Base_Faucet_Token.sol":{"l":{"16":3,"17":3,"18":3,"19":3,"20":3,"25":1,"26":1,"27":1,"31":0,"35":0,"36":0,"37":0,"38":0,"40":0,"44":0,"45":0,"46":0,"47":0,"48":0,"49":0,"50":0,"55":0,"56":0,"57":0,"58":0,"59":0,"60":0,"61":0},"path":"/Users/nemitariajienka/Desktop/projects/MultisigControl/contracts/tests/Base_Faucet_Token.sol","s":{"1":3,"2":3,"3":3,"4":3,"5":3,"6":1,"7":1,"8":1,"9":0,"10":0,"11":0,"12":0,"13":0,"14":0,"15":0,"16":0,"17":0,"18":0,"19":0,"20":0,"21":0,"22":0,"23":0,"24":0,"25":0,"26":0,"27":0,"28":0},"b":{},"f":{"1":3,"2":1,"3":0,"4":0,"5":0,"6":0},"fnMap":{"1":{"name":"constructor","line":15,"loc":{"start":{"line":15,"column":4},"end":{"line":21,"column":4}}},"2":{"name":"faucet","line":24,"loc":{"start":{"line":24,"column":4},"end":{"line":28,"column":4}}},"3":{"name":"issue","line":30,"loc":{"start":{"line":30,"column":4},"end":{"line":32,"column":4}}},"4":{"name":"admin_deposit_single","line":34,"loc":{"start":{"line":34,"column":4},"end":{"line":41,"column":4}}},"5":{"name":"admin_deposit_bulk","line":43,"loc":{"start":{"line":43,"column":4},"end":{"line":52,"column":4}}},"6":{"name":"admin_stake_bulk","line":54,"loc":{"start":{"line":54,"column":4},"end":{"line":63,"column":4}}}},"statementMap":{"1":{"start":{"line":16,"column":8},"end":{"line":16,"column":78}},"2":{"start":{"line":17,"column":8},"end":{"line":17,"column":37}},"3":{"start":{"line":18,"column":8},"end":{"line":18,"column":29}},"4":{"start":{"line":19,"column":8},"end":{"line":19,"column":41}},"5":{"start":{"line":20,"column":8},"end":{"line":20,"column":57}},"6":{"start":{"line":25,"column":8},"end":{"line":25,"column":54}},"7":{"start":{"line":26,"column":8},"end":{"line":26,"column":90}},"8":{"start":{"line":27,"column":8},"end":{"line":27,"column":70}},"9":{"start":{"line":31,"column":8},"end":{"line":31,"column":47}},"10":{"start":{"line":35,"column":8},"end":{"line":35,"column":58}},"11":{"start":{"line":36,"column":8},"end":{"line":36,"column":46}},"12":{"start":{"line":37,"column":8},"end":{"line":37,"column":70}},"13":{"start":{"line":38,"column":8},"end":{"line":38,"column":56}},"14":{"start":{"line":40,"column":8},"end":{"line":40,"column":96}},"15":{"start":{"line":44,"column":8},"end":{"line":44,"column":60}},"16":{"start":{"line":45,"column":8},"end":{"line":45,"column":127}},"17":{"start":{"line":46,"column":8},"end":{"line":46,"column":49}},"18":{"start":{"line":47,"column":8},"end":{"line":47,"column":73}},"19":{"start":{"line":48,"column":8},"end":{"line":48,"column":59}},"20":{"start":{"line":49,"column":8},"end":{"line":49,"column":2245}},"21":{"start":{"line":50,"column":12},"end":{"line":50,"column":110}},"22":{"start":{"line":55,"column":6},"end":{"line":55,"column":58}},"23":{"start":{"line":56,"column":6},"end":{"line":56,"column":133}},"24":{"start":{"line":57,"column":6},"end":{"line":57,"column":47}},"25":{"start":{"line":58,"column":6},"end":{"line":58,"column":71}},"26":{"start":{"line":59,"column":6},"end":{"line":59,"column":57}},"27":{"start":{"line":60,"column":6},"end":{"line":60,"column":2961}},"28":{"start":{"line":61,"column":10},"end":{"line":61,"column":93}}},"branchMap":{}},"contracts/tests/Bulk_Deposit.sol":{"l":{"9":0,"12":0,"15":0,"17":0,"18":0},"path":"/Users/nemitariajienka/Desktop/projects/MultisigControl/contracts/tests/Bulk_Deposit.sol","s":{"1":0,"2":0,"3":0,"4":0,"5":0},"b":{"1":[0,0]},"f":{"1":0},"fnMap":{"1":{"name":"bulk_deposit","line":8,"loc":{"start":{"line":8,"column":4},"end":{"line":20,"column":4}}}},"statementMap":{"1":{"start":{"line":9,"column":6},"end":{"line":9,"column":79}},"2":{"start":{"line":12,"column":6},"end":{"line":12,"column":95}},"3":{"start":{"line":15,"column":6},"end":{"line":15,"column":74}},"4":{"start":{"line":17,"column":6},"end":{"line":17,"column":597}},"5":{"start":{"line":18,"column":8},"end":{"line":18,"column":99}}},"branchMap":{"1":{"line":9,"type":"if","locations":[{"start":{"line":9,"column":6},"end":{"line":9,"column":6}},{"start":{"line":9,"column":6},"end":{"line":9,"column":6}}]}}},"contracts/tests/ERC20.sol":{"l":{"44":0,"51":0,"63":0,"64":0,"71":0,"82":0,"83":0,"99":0,"100":0,"101":0,"117":0,"118":0,"136":0,"137":0,"155":0,"156":0,"158":0,"159":0,"160":0,"173":0,"175":0,"176":0,"177":0,"192":0,"194":0,"195":0,"196":0,"213":0,"214":0,"216":0,"217":0,"227":0,"228":0},"path":"/Users/nemitariajienka/Desktop/projects/MultisigControl/contracts/tests/ERC20.sol","s":{"1":0,"2":0,"3":0,"4":0,"5":0,"6":0,"7":0,"8":0,"9":0,"10":0,"11":0,"12":0,"13":0,"14":0,"15":0,"16":0,"17":0,"18":0,"19":0,"20":0,"21":0,"22":0,"23":0,"24":0,"25":0,"26":0,"27":0,"28":0,"29":0,"30":0,"31":0,"32":0,"33":0},"b":{"1":[0,0],"2":[0,0],"3":[0,0],"4":[0,0],"5":[0,0],"6":[0,0]},"f":{"1":0,"2":0,"3":0,"4":0,"5":0,"6":0,"7":0,"8":0,"9":0,"10":0,"11":0,"12":0,"13":0},"fnMap":{"1":{"name":"totalSupply","line":43,"loc":{"start":{"line":43,"column":4},"end":{"line":45,"column":4}}},"2":{"name":"balanceOf","line":50,"loc":{"start":{"line":50,"column":4},"end":{"line":52,"column":4}}},"3":{"name":"transfer","line":62,"loc":{"start":{"line":62,"column":4},"end":{"line":65,"column":4}}},"4":{"name":"allowance","line":70,"loc":{"start":{"line":70,"column":4},"end":{"line":72,"column":4}}},"5":{"name":"approve","line":81,"loc":{"start":{"line":81,"column":4},"end":{"line":84,"column":4}}},"6":{"name":"transferFrom","line":98,"loc":{"start":{"line":98,"column":4},"end":{"line":102,"column":4}}},"7":{"name":"increaseAllowance","line":116,"loc":{"start":{"line":116,"column":4},"end":{"line":119,"column":4}}},"8":{"name":"decreaseAllowance","line":135,"loc":{"start":{"line":135,"column":4},"end":{"line":138,"column":4}}},"9":{"name":"_transfer","line":154,"loc":{"start":{"line":154,"column":4},"end":{"line":161,"column":4}}},"10":{"name":"_mint","line":172,"loc":{"start":{"line":172,"column":4},"end":{"line":178,"column":4}}},"11":{"name":"_burn","line":191,"loc":{"start":{"line":191,"column":4},"end":{"line":197,"column":4}}},"12":{"name":"_approve","line":212,"loc":{"start":{"line":212,"column":4},"end":{"line":218,"column":4}}},"13":{"name":"_burnFrom","line":226,"loc":{"start":{"line":226,"column":4},"end":{"line":229,"column":4}}}},"statementMap":{"1":{"start":{"line":44,"column":8},"end":{"line":44,"column":27}},"2":{"start":{"line":51,"column":8},"end":{"line":51,"column":33}},"3":{"start":{"line":63,"column":8},"end":{"line":63,"column":47}},"4":{"start":{"line":64,"column":8},"end":{"line":64,"column":19}},"5":{"start":{"line":71,"column":8},"end":{"line":71,"column":42}},"6":{"start":{"line":82,"column":8},"end":{"line":82,"column":43}},"7":{"start":{"line":83,"column":8},"end":{"line":83,"column":19}},"8":{"start":{"line":99,"column":8},"end":{"line":99,"column":43}},"9":{"start":{"line":100,"column":8},"end":{"line":100,"column":80}},"10":{"start":{"line":101,"column":8},"end":{"line":101,"column":19}},"11":{"start":{"line":117,"column":8},"end":{"line":117,"column":86}},"12":{"start":{"line":118,"column":8},"end":{"line":118,"column":19}},"13":{"start":{"line":136,"column":8},"end":{"line":136,"column":91}},"14":{"start":{"line":137,"column":8},"end":{"line":137,"column":19}},"15":{"start":{"line":155,"column":8},"end":{"line":155,"column":77}},"16":{"start":{"line":156,"column":8},"end":{"line":156,"column":78}},"17":{"start":{"line":158,"column":8},"end":{"line":158,"column":56}},"18":{"start":{"line":159,"column":8},"end":{"line":159,"column":62}},"19":{"start":{"line":160,"column":8},"end":{"line":160,"column":48}},"20":{"start":{"line":173,"column":8},"end":{"line":173,"column":72}},"21":{"start":{"line":175,"column":8},"end":{"line":175,"column":46}},"22":{"start":{"line":176,"column":8},"end":{"line":176,"column":58}},"23":{"start":{"line":177,"column":8},"end":{"line":177,"column":50}},"24":{"start":{"line":192,"column":8},"end":{"line":192,"column":74}},"25":{"start":{"line":194,"column":8},"end":{"line":194,"column":57}},"26":{"start":{"line":195,"column":8},"end":{"line":195,"column":45}},"27":{"start":{"line":196,"column":8},"end":{"line":196,"column":49}},"28":{"start":{"line":213,"column":8},"end":{"line":213,"column":75}},"29":{"start":{"line":214,"column":8},"end":{"line":214,"column":75}},"30":{"start":{"line":216,"column":8},"end":{"line":216,"column":42}},"31":{"start":{"line":217,"column":8},"end":{"line":217,"column":44}},"32":{"start":{"line":227,"column":8},"end":{"line":227,"column":29}},"33":{"start":{"line":228,"column":8},"end":{"line":228,"column":82}}},"branchMap":{"1":{"line":155,"type":"if","locations":[{"start":{"line":155,"column":8},"end":{"line":155,"column":8}},{"start":{"line":155,"column":8},"end":{"line":155,"column":8}}]},"2":{"line":156,"type":"if","locations":[{"start":{"line":156,"column":8},"end":{"line":156,"column":8}},{"start":{"line":156,"column":8},"end":{"line":156,"column":8}}]},"3":{"line":173,"type":"if","locations":[{"start":{"line":173,"column":8},"end":{"line":173,"column":8}},{"start":{"line":173,"column":8},"end":{"line":173,"column":8}}]},"4":{"line":192,"type":"if","locations":[{"start":{"line":192,"column":8},"end":{"line":192,"column":8}},{"start":{"line":192,"column":8},"end":{"line":192,"column":8}}]},"5":{"line":213,"type":"if","locations":[{"start":{"line":213,"column":8},"end":{"line":213,"column":8}},{"start":{"line":213,"column":8},"end":{"line":213,"column":8}}]},"6":{"line":214,"type":"if","locations":[{"start":{"line":214,"column":8},"end":{"line":214,"column":8}},{"start":{"line":214,"column":8},"end":{"line":214,"column":8}}]}}},"contracts/tests/ERC20Detailed.sol":{"l":{"20":3,"21":3,"22":3,"29":0,"37":0,"53":0},"path":"/Users/nemitariajienka/Desktop/projects/MultisigControl/contracts/tests/ERC20Detailed.sol","s":{"1":3,"2":3,"3":3,"4":0,"5":0,"6":0},"b":{},"f":{"1":3,"2":0,"3":0,"4":0},"fnMap":{"1":{"name":"constructor","line":19,"loc":{"start":{"line":19,"column":4},"end":{"line":23,"column":4}}},"2":{"name":"name","line":28,"loc":{"start":{"line":28,"column":4},"end":{"line":30,"column":4}}},"3":{"name":"symbol","line":36,"loc":{"start":{"line":36,"column":4},"end":{"line":38,"column":4}}},"4":{"name":"decimals","line":52,"loc":{"start":{"line":52,"column":4},"end":{"line":54,"column":4}}}},"statementMap":{"1":{"start":{"line":20,"column":8},"end":{"line":20,"column":21}},"2":{"start":{"line":21,"column":8},"end":{"line":21,"column":25}},"3":{"start":{"line":22,"column":8},"end":{"line":22,"column":29}},"4":{"start":{"line":29,"column":8},"end":{"line":29,"column":20}},"5":{"start":{"line":37,"column":8},"end":{"line":37,"column":22}},"6":{"start":{"line":53,"column":8},"end":{"line":53,"column":24}}},"branchMap":{}},"contracts/tests/IERC20_Bridge_Logic.sol":{"l":{},"path":"/Users/nemitariajienka/Desktop/projects/MultisigControl/contracts/tests/IERC20_Bridge_Logic.sol","s":{},"b":{},"f":{},"fnMap":{},"statementMap":{},"branchMap":{}},"contracts/tests/IERC20.sol":{"l":{},"path":"/Users/nemitariajienka/Desktop/projects/MultisigControl/contracts/tests/IERC20.sol","s":{},"b":{},"f":{},"fnMap":{},"statementMap":{},"branchMap":{}},"contracts/tests/IStake.sol":{"l":{},"path":"/Users/nemitariajienka/Desktop/projects/MultisigControl/contracts/tests/IStake.sol","s":{},"b":{},"f":{},"fnMap":{},"statementMap":{},"branchMap":{}},"contracts/tests/Killable.sol":{"l":{"11":0,"12":0},"path":"/Users/nemitariajienka/Desktop/projects/MultisigControl/contracts/tests/Killable.sol","s":{"1":0,"2":0},"b":{},"f":{"1":0},"fnMap":{"1":{"name":"kill","line":10,"loc":{"start":{"line":10,"column":4},"end":{"line":13,"column":4}}}},"statementMap":{"1":{"start":{"line":11,"column":8},"end":{"line":11,"column":49}},"2":{"start":{"line":12,"column":8},"end":{"line":12,"column":27}}},"branchMap":{}},"contracts/tests/Migrations.sol":{"l":{"9":0,"13":0,"17":0},"path":"/Users/nemitariajienka/Desktop/projects/MultisigControl/contracts/tests/Migrations.sol","s":{"1":0,"2":0,"3":0},"b":{"1":[0,0]},"f":{"1":0,"2":0,"3":0},"fnMap":{"1":{"name":"constructor","line":8,"loc":{"start":{"line":8,"column":2},"end":{"line":10,"column":2}}},"2":{"name":"restricted","line":12,"loc":{"start":{"line":12,"column":2},"end":{"line":14,"column":2}}},"3":{"name":"setCompleted","line":16,"loc":{"start":{"line":16,"column":2},"end":{"line":18,"column":2}}}},"statementMap":{"1":{"start":{"line":9,"column":4},"end":{"line":9,"column":21}},"2":{"start":{"line":13,"column":4},"end":{"line":13,"column":30}},"3":{"start":{"line":17,"column":4},"end":{"line":17,"column":39}}},"branchMap":{"1":{"line":13,"type":"if","locations":[{"start":{"line":13,"column":4},"end":{"line":13,"column":4}},{"start":{"line":13,"column":4},"end":{"line":13,"column":4}}]}}},"contracts/tests/Ownable.sol":{"l":{"22":3,"23":3,"30":0,"37":0,"38":0,"45":0,"56":0,"57":0,"65":0,"72":0,"73":0,"74":0},"path":"/Users/nemitariajienka/Desktop/projects/MultisigControl/contracts/tests/Ownable.sol","s":{"1":3,"2":3,"3":0,"4":0,"5":0,"6":0,"7":0,"8":0,"9":0,"10":0,"11":0},"b":{"1":[0,0],"2":[0,0]},"f":{"1":3,"2":0,"3":0,"4":0,"5":0,"6":0,"7":0},"fnMap":{"1":{"name":"constructor","line":21,"loc":{"start":{"line":21,"column":4},"end":{"line":24,"column":4}}},"2":{"name":"owner","line":29,"loc":{"start":{"line":29,"column":4},"end":{"line":31,"column":4}}},"3":{"name":"onlyOwner","line":36,"loc":{"start":{"line":36,"column":4},"end":{"line":39,"column":4}}},"4":{"name":"isOwner","line":44,"loc":{"start":{"line":44,"column":4},"end":{"line":46,"column":4}}},"5":{"name":"renounceOwnership","line":55,"loc":{"start":{"line":55,"column":4},"end":{"line":58,"column":4}}},"6":{"name":"transferOwnership","line":64,"loc":{"start":{"line":64,"column":4},"end":{"line":66,"column":4}}},"7":{"name":"_transferOwnership","line":71,"loc":{"start":{"line":71,"column":4},"end":{"line":75,"column":4}}}},"statementMap":{"1":{"start":{"line":22,"column":8},"end":{"line":22,"column":26}},"2":{"start":{"line":23,"column":8},"end":{"line":23,"column":53}},"3":{"start":{"line":30,"column":8},"end":{"line":30,"column":21}},"4":{"start":{"line":37,"column":8},"end":{"line":37,"column":61}},"5":{"start":{"line":45,"column":8},"end":{"line":45,"column":35}},"6":{"start":{"line":56,"column":8},"end":{"line":56,"column":53}},"7":{"start":{"line":57,"column":8},"end":{"line":57,"column":26}},"8":{"start":{"line":65,"column":8},"end":{"line":65,"column":35}},"9":{"start":{"line":72,"column":8},"end":{"line":72,"column":80}},"10":{"start":{"line":73,"column":8},"end":{"line":73,"column":51}},"11":{"start":{"line":74,"column":8},"end":{"line":74,"column":24}}},"branchMap":{"1":{"line":37,"type":"if","locations":[{"start":{"line":37,"column":8},"end":{"line":37,"column":8}},{"start":{"line":37,"column":8},"end":{"line":37,"column":8}}]},"2":{"line":72,"type":"if","locations":[{"start":{"line":72,"column":8},"end":{"line":72,"column":8}},{"start":{"line":72,"column":8},"end":{"line":72,"column":8}}]}}},"contracts/tests/SafeMath.sol":{"l":{"14":0,"15":0,"17":0,"18":0,"19":0,"29":0,"36":0,"37":0,"44":2,"45":2,"46":2},"path":"/Users/nemitariajienka/Desktop/projects/MultisigControl/contracts/tests/SafeMath.sol","s":{"1":0,"2":0,"3":0,"4":0,"5":0,"6":0,"7":0,"8":0,"9":2,"10":2,"11":2},"b":{"1":[0,0]},"f":{"1":0,"2":0,"3":0,"4":2},"fnMap":{"1":{"name":"mul","line":13,"loc":{"start":{"line":13,"column":2},"end":{"line":20,"column":2}}},"2":{"name":"div","line":25,"loc":{"start":{"line":25,"column":2},"end":{"line":30,"column":2}}},"3":{"name":"sub","line":35,"loc":{"start":{"line":35,"column":2},"end":{"line":38,"column":2}}},"4":{"name":"add","line":43,"loc":{"start":{"line":43,"column":2},"end":{"line":47,"column":2}}}},"statementMap":{"1":{"start":{"line":14,"column":4},"end":{"line":14,"column":316}},"2":{"start":{"line":15,"column":6},"end":{"line":15,"column":14}},"3":{"start":{"line":17,"column":4},"end":{"line":17,"column":21}},"4":{"start":{"line":18,"column":4},"end":{"line":18,"column":21}},"5":{"start":{"line":19,"column":4},"end":{"line":19,"column":12}},"6":{"start":{"line":29,"column":4},"end":{"line":29,"column":16}},"7":{"start":{"line":36,"column":4},"end":{"line":36,"column":17}},"8":{"start":{"line":37,"column":4},"end":{"line":37,"column":16}},"9":{"start":{"line":44,"column":4},"end":{"line":44,"column":21}},"10":{"start":{"line":45,"column":4},"end":{"line":45,"column":17}},"11":{"start":{"line":46,"column":4},"end":{"line":46,"column":12}}},"branchMap":{"1":{"line":14,"type":"if","locations":[{"start":{"line":14,"column":4},"end":{"line":14,"column":4}},{"start":{"line":14,"column":4},"end":{"line":14,"column":4}}]}}},"contracts/tests/Vega_Staking_Bridge.sol":{"l":{"15":0,"27":0,"28":0,"29":0,"37":0,"38":0,"39":0,"48":0,"49":0,"50":0,"56":0,"64":0,"70":0},"path":"/Users/nemitariajienka/Desktop/projects/MultisigControl/contracts/tests/Vega_Staking_Bridge.sol","s":{"1":0,"2":0,"3":0,"4":0,"5":0,"6":0,"7":0,"8":0,"9":0,"10":0,"11":0,"12":0,"13":0},"b":{"1":[0,0],"2":[0,0]},"f":{"1":0,"2":0,"3":0,"4":0,"5":0,"6":0,"7":0},"fnMap":{"1":{"name":"constructor","line":14,"loc":{"start":{"line":14,"column":2},"end":{"line":16,"column":2}}},"2":{"name":"stake","line":26,"loc":{"start":{"line":26,"column":2},"end":{"line":30,"column":2}}},"3":{"name":"remove_stake","line":36,"loc":{"start":{"line":36,"column":2},"end":{"line":40,"column":2}}},"4":{"name":"transfer_stake","line":47,"loc":{"start":{"line":47,"column":2},"end":{"line":51,"column":2}}},"5":{"name":"staking_token","line":55,"loc":{"start":{"line":55,"column":2},"end":{"line":57,"column":2}}},"6":{"name":"stake_balance","line":63,"loc":{"start":{"line":63,"column":2},"end":{"line":65,"column":2}}},"7":{"name":"total_staked","line":69,"loc":{"start":{"line":69,"column":2},"end":{"line":71,"column":2}}}},"statementMap":{"1":{"start":{"line":15,"column":4},"end":{"line":15,"column":25}},"2":{"start":{"line":27,"column":4},"end":{"line":27,"column":82}},"3":{"start":{"line":28,"column":4},"end":{"line":28,"column":48}},"4":{"start":{"line":29,"column":4},"end":{"line":29,"column":61}},"5":{"start":{"line":37,"column":4},"end":{"line":37,"column":48}},"6":{"start":{"line":38,"column":4},"end":{"line":38,"column":63}},"7":{"start":{"line":39,"column":4},"end":{"line":39,"column":59}},"8":{"start":{"line":48,"column":4},"end":{"line":48,"column":48}},"9":{"start":{"line":49,"column":4},"end":{"line":49,"column":49}},"10":{"start":{"line":50,"column":4},"end":{"line":50,"column":76}},"11":{"start":{"line":56,"column":4},"end":{"line":56,"column":25}},"12":{"start":{"line":64,"column":4},"end":{"line":64,"column":43}},"13":{"start":{"line":70,"column":4},"end":{"line":70,"column":58}}},"branchMap":{"1":{"line":27,"type":"if","locations":[{"start":{"line":27,"column":4},"end":{"line":27,"column":4}},{"start":{"line":27,"column":4},"end":{"line":27,"column":4}}]},"2":{"line":38,"type":"if","locations":[{"start":{"line":38,"column":4},"end":{"line":38,"column":4}},{"start":{"line":38,"column":4},"end":{"line":38,"column":4}}]}}}}